# JRE version: Java(TM) SE Runtime Environment (8.0_144-b01) (build 1.8.0_144-b01)
# Java VM: Java HotSpot(TM) 64-Bit Server VM (25.144-b01 mixed mode linux-amd64 compressed oops)
Heap:
 PSYoungGen      total 233472K, used 11768K [0x00000000d6600000, 0x00000000e7a80000, 0x0000000100000000)
  eden space 221696K, 0% used [0x00000000d6600000,0x00000000d6600000,0x00000000e3e80000)
  from space 11776K, 99% used [0x00000000e6380000,0x00000000e6efe360,0x00000000e6f00000)
  to   space 9728K, 0% used [0x00000000e7100000,0x00000000e7100000,0x00000000e7a80000)
 ParOldGen       total 60928K, used 15340K [0x0000000083200000, 0x0000000086d80000, 0x00000000d6600000)
  object space 60928K, 25% used [0x0000000083200000,0x00000000840fb250,0x0000000086d80000)
 Metaspace       used 35007K, capacity 35270K, committed 35456K, reserved 1079296K
  class space    used 4510K, capacity 4617K, committed 4736K, reserved 1048576K
GC Heap History (10 events):
Event: 2.074 GC heap after
Heap after GC invocations=5 (full 0):
 PSYoungGen      total 70656K, used 5108K [0x00000000d6600000, 0x00000000dfe00000, 0x0000000100000000)
  eden space 65536K, 0% used [0x00000000d6600000,0x00000000d6600000,0x00000000da600000)
  from space 5120K, 99% used [0x00000000da600000,0x00000000daafd230,0x00000000dab00000)
  to   space 12288K, 0% used [0x00000000df200000,0x00000000df200000,0x00000000dfe00000)
 ParOldGen       total 86016K, used 12345K [0x0000000083200000, 0x0000000088600000, 0x00000000d6600000)
  object space 86016K, 14% used [0x0000000083200000,0x0000000083e0e600,0x0000000088600000)
 Metaspace       used 19914K, capacity 20072K, committed 20224K, reserved 1067008K
  class space    used 2500K, capacity 2544K, committed 2560K, reserved 1048576K
}
Event: 2.449 GC heap before
{Heap before GC invocations=6 (full 0):
 PSYoungGen      total 70656K, used 70644K [0x00000000d6600000, 0x00000000dfe00000, 0x0000000100000000)
  eden space 65536K, 100% used [0x00000000d6600000,0x00000000da600000,0x00000000da600000)
  from space 5120K, 99% used [0x00000000da600000,0x00000000daafd230,0x00000000dab00000)
  to   space 12288K, 0% used [0x00000000df200000,0x00000000df200000,0x00000000dfe00000)
 ParOldGen       total 86016K, used 12345K [0x0000000083200000, 0x0000000088600000, 0x00000000d6600000)
  object space 86016K, 14% used [0x0000000083200000,0x0000000083e0e600,0x0000000088600000)
 Metaspace       used 20677K, capacity 20884K, committed 21120K, reserved 1067008K
  class space    used 2590K, capacity 2642K, committed 2688K, reserved 1048576K
Event: 2.464 GC heap after
Heap after GC invocations=6 (full 0):
 PSYoungGen      total 142336K, used 7823K [0x00000000d6600000, 0x00000000dfd00000, 0x0000000100000000)
  eden space 131072K, 0% used [0x00000000d6600000,0x00000000d6600000,0x00000000de600000)
  from space 11264K, 69% used [0x00000000df200000,0x00000000df9a3cb8,0x00000000dfd00000)
  to   space 11776K, 0% used [0x00000000de600000,0x00000000de600000,0x00000000df180000)
 ParOldGen       total 86016K, used 12345K [0x0000000083200000, 0x0000000088600000, 0x00000000d6600000)
  object space 86016K, 14% used [0x0000000083200000,0x0000000083e0e600,0x0000000088600000)
 Metaspace       used 20677K, capacity 20884K, committed 21120K, reserved 1067008K
  class space    used 2590K, capacity 2642K, committed 2688K, reserved 1048576K
}
Event: 2.606 GC heap before
{Heap before GC invocations=7 (full 0):
 PSYoungGen      total 142336K, used 48151K [0x00000000d6600000, 0x00000000dfd00000, 0x0000000100000000)
  eden space 131072K, 30% used [0x00000000d6600000,0x00000000d8d621d0,0x00000000de600000)
  from space 11264K, 69% used [0x00000000df200000,0x00000000df9a3cb8,0x00000000dfd00000)
  to   space 11776K, 0% used [0x00000000de600000,0x00000000de600000,0x00000000df180000)
 ParOldGen       total 86016K, used 12345K [0x0000000083200000, 0x0000000088600000, 0x00000000d6600000)
  object space 86016K, 14% used [0x0000000083200000,0x0000000083e0e600,0x0000000088600000)
 Metaspace       used 21027K, capacity 21202K, committed 21296K, reserved 1069056K
  class space    used 2636K, capacity 2679K, committed 2688K, reserved 1048576K
Event: 2.620 GC heap after
Heap after GC invocations=7 (full 0):
 PSYoungGen      total 142848K, used 7212K [0x00000000d6600000, 0x00000000e7c00000, 0x0000000100000000)
  eden space 131072K, 0% used [0x00000000d6600000,0x00000000d6600000,0x00000000de600000)
  from space 11776K, 61% used [0x00000000de600000,0x00000000ded0b340,0x00000000df180000)
  to   space 11264K, 0% used [0x00000000e7100000,0x00000000e7100000,0x00000000e7c00000)
 ParOldGen       total 86016K, used 13914K [0x0000000083200000, 0x0000000088600000, 0x00000000d6600000)
  object space 86016K, 16% used [0x0000000083200000,0x0000000083f96ae8,0x0000000088600000)
 Metaspace       used 21027K, capacity 21202K, committed 21296K, reserved 1069056K
  class space    used 2636K, capacity 2679K, committed 2688K, reserved 1048576K
}
Event: 2.620 GC heap before
{Heap before GC invocations=8 (full 1):
 PSYoungGen      total 142848K, used 7212K [0x00000000d6600000, 0x00000000e7c00000, 0x0000000100000000)
  eden space 131072K, 0% used [0x00000000d6600000,0x00000000d6600000,0x00000000de600000)
  from space 11776K, 61% used [0x00000000de600000,0x00000000ded0b340,0x00000000df180000)
  to   space 11264K, 0% used [0x00000000e7100000,0x00000000e7100000,0x00000000e7c00000)
 ParOldGen       total 86016K, used 13914K [0x0000000083200000, 0x0000000088600000, 0x00000000d6600000)
  object space 86016K, 16% used [0x0000000083200000,0x0000000083f96ae8,0x0000000088600000)
 Metaspace       used 21027K, capacity 21202K, committed 21296K, reserved 1069056K
  class space    used 2636K, capacity 2679K, committed 2688K, reserved 1048576K
Event: 2.659 GC heap after
Heap after GC invocations=8 (full 1):
 PSYoungGen      total 142848K, used 0K [0x00000000d6600000, 0x00000000e7c00000, 0x0000000100000000)
  eden space 131072K, 0% used [0x00000000d6600000,0x00000000d6600000,0x00000000de600000)
  from space 11776K, 0% used [0x00000000de600000,0x00000000de600000,0x00000000df180000)
  to   space 11264K, 0% used [0x00000000e7100000,0x00000000e7100000,0x00000000e7c00000)
 ParOldGen       total 60928K, used 13118K [0x0000000083200000, 0x0000000086d80000, 0x00000000d6600000)
  object space 60928K, 21% used [0x0000000083200000,0x0000000083ecfab8,0x0000000086d80000)
 Metaspace       used 21027K, capacity 21202K, committed 21296K, reserved 1069056K
  class space    used 2636K, capacity 2679K, committed 2688K, reserved 1048576K
}
Event: 3.501 GC heap before
{Heap before GC invocations=9 (full 1):
 PSYoungGen      total 142848K, used 131072K [0x00000000d6600000, 0x00000000e7c00000, 0x0000000100000000)
  eden space 131072K, 100% used [0x00000000d6600000,0x00000000de600000,0x00000000de600000)
  from space 11776K, 0% used [0x00000000de600000,0x00000000de600000,0x00000000df180000)
  to   space 11264K, 0% used [0x00000000e7100000,0x00000000e7100000,0x00000000e7c00000)
 ParOldGen       total 60928K, used 13118K [0x0000000083200000, 0x0000000086d80000, 0x00000000d6600000)
  object space 60928K, 21% used [0x0000000083200000,0x0000000083ecfab8,0x0000000086d80000)
 Metaspace       used 23897K, capacity 24162K, committed 24448K, reserved 1071104K
  class space    used 3046K, capacity 3103K, committed 3200K, reserved 1048576K
Event: 3.511 GC heap after
Heap after GC invocations=9 (full 1):
 PSYoungGen      total 231424K, used 9609K [0x00000000d6600000, 0x00000000e7a80000, 0x0000000100000000)
  eden space 221696K, 0% used [0x00000000d6600000,0x00000000d6600000,0x00000000e3e80000)
  from space 9728K, 98% used [0x00000000e7100000,0x00000000e7a627a0,0x00000000e7a80000)
  to   space 11776K, 0% used [0x00000000e6380000,0x00000000e6380000,0x00000000e6f00000)
 ParOldGen       total 60928K, used 13126K [0x0000000083200000, 0x0000000086d80000, 0x00000000d6600000)
  object space 60928K, 21% used [0x0000000083200000,0x0000000083ed1ab8,0x0000000086d80000)
 Metaspace       used 23897K, capacity 24162K, committed 24448K, reserved 1071104K
  class space    used 3046K, capacity 3103K, committed 3200K, reserved 1048576K
}
Event: 4.956 GC heap before
{Heap before GC invocations=10 (full 1):
 PSYoungGen      total 231424K, used 210166K [0x00000000d6600000, 0x00000000e7a80000, 0x0000000100000000)
  eden space 221696K, 90% used [0x00000000d6600000,0x00000000e29db250,0x00000000e3e80000)
  from space 9728K, 98% used [0x00000000e7100000,0x00000000e7a627a0,0x00000000e7a80000)
  to   space 11776K, 0% used [0x00000000e6380000,0x00000000e6380000,0x00000000e6f00000)
 ParOldGen       total 60928K, used 13126K [0x0000000083200000, 0x0000000086d80000, 0x00000000d6600000)
  object space 60928K, 21% used [0x0000000083200000,0x0000000083ed1ab8,0x0000000086d80000)
 Metaspace       used 35007K, capacity 35270K, committed 35456K, reserved 1079296K
  class space    used 4510K, capacity 4617K, committed 4736K, reserved 1048576K

